2023-09-03 23:24:24 - novelCrawl - INFO: - Crawl book 美艳教师, use 10 thread
2023-09-03 23:25:11 - novelCrawl - INFO: - Crawl 美艳教师 success, book write to E:\code\python\novelCrawl\download\美艳教师.epub
2023-09-03 23:32:30 - novelCrawl - INFO: - Crawl book 美艳教师, use 10 thread
2023-09-04 16:01:36 - novelCrawl - INFO: - Crawl book 美艳教师, use 10 thread
2023-09-04 16:03:01 - novelCrawl - INFO: - Crawl book 美艳教师, use 10 thread
2023-09-04 16:03:35 - novelCrawl - INFO: - Output epub file to ./download/美艳教师.epub
2023-09-04 16:05:52 - novelCrawl - INFO: - Crawl book 美艳教师, use 10 thread
2023-09-04 16:06:27 - novelCrawl - INFO: - Output epub file to ./download/美艳教师.epub
2023-09-04 16:12:14 - novelCrawl - INFO: - Crawl book 美艳教师, use 10 thread
2023-09-04 16:12:26 - novelCrawl - INFO: - Output epub file to ./download/美艳教师.epub
2023-09-04 16:13:36 - novelCrawl - INFO: - Crawl book 美艳教师, use 10 thread
2023-09-04 16:14:11 - novelCrawl - INFO: - Output epub file to ./download/美艳教师.epub
2023-09-04 16:20:44 - novelCrawl - INFO: - Crawl book 美艳教师, use 10 thread
2023-09-04 16:21:14 - novelCrawl - INFO: - Output epub file to ./download/美艳教师.epub
2023-09-04 23:12:38 - novelCrawl - INFO: - Crawl book 我家娘子，不对劲, use 10 thread
2023-09-04 23:17:16 - novelCrawl - INFO: - Output epub file to ./download/我家娘子，不对劲.epub
2023-09-05 21:51:03 - novelCrawl - INFO: - Crawl book 美艳教师, use 10 thread
2023-09-05 21:51:39 - novelCrawl - INFO: - Output epub file to ./download/美艳教师.txt
2023-09-05 21:53:58 - novelCrawl - INFO: - Crawl book 我家娘子，不对劲, use 10 thread
2023-09-05 21:58:48 - novelCrawl - INFO: - Output epub file to ./download/我家娘子，不对劲.txt
2023-09-28 10:52:40 - novelCrawl - INFO: - Search book 武侠
2023-09-28 10:52:44 - novelCrawl - INFO: - Loading search result, wait 2s, try 1
2023-09-28 10:52:50 - novelCrawl - INFO: - Loading over...
2023-09-28 10:53:48 - novelCrawl - INFO: - Search book 武侠
2023-09-28 10:54:02 - novelCrawl - INFO: - Crawl book 催眠小说合集, use 10 thread
2023-09-28 10:54:29 - novelCrawl - INFO: - Current directory "E:\code\python\novelCrawl" not exist "download" directory, create it
2023-09-28 10:54:29 - novelCrawl - INFO: - Output epub file to ./download/催眠小说合集.txt
2023-10-07 11:10:36 - novelCrawl - INFO: - Search book 武侠
2023-10-07 11:10:39 - novelCrawl - INFO: - Loading search result, wait 2s, try 1
2023-10-07 11:10:45 - novelCrawl - INFO: - Loading over...
2023-10-07 11:36:04 - novelCrawl - INFO: - Search book 我真没想
2023-10-07 11:36:06 - novelCrawl - INFO: - Loading search result, wait 2s, try 1
2023-10-07 11:36:12 - novelCrawl - INFO: - Loading over...
2023-10-07 11:37:08 - novelCrawl - ERROR: - Request failed after 5 retries.
2023-10-07 11:37:08 - novelCrawl - ERROR: - Request https://www.bqg70.com/book/36306/ failed
2023-10-07 11:37:08 - novelCrawl - ERROR: - Get book https://www.bqg70.com/book/36306/ chapter urls failed
2023-10-07 11:37:21 - novelCrawl - INFO: - Crawl book 我真没想过妻子是女帝, use 10 thread
2023-10-07 11:37:27 - novelCrawl - INFO: - Output epub file to ./download/我真没想过妻子是女帝.txt
2023-12-05 19:50:32 - novelCrawl - INFO: - 参数错误
2023-12-05 19:50:43 - novelCrawl - INFO: - Search book 黑神话
2023-12-05 19:50:51 - novelCrawl - INFO: - Loading search result, wait 2s, try 1
2023-12-05 19:50:57 - novelCrawl - INFO: - Loading over...
2023-12-05 19:51:29 - novelCrawl - INFO: - Crawl book 黑神话：大唐, use 10 thread
2023-12-05 19:54:38 - novelCrawl - INFO: - Output epub file to ./download/黑神话：大唐.txt
2024-01-18 16:57:46 - novelCrawl - INFO: - Search book 姝渚
2024-01-18 17:08:44 - novelCrawl - INFO: - Search book 姝渚
2024-01-18 17:11:32 - novelCrawl - INFO: - Search book 姝渚
2024-01-18 17:11:54 - novelCrawl - INFO: - Loading search result, wait 2s, try 1
2024-01-18 17:12:00 - novelCrawl - INFO: - Loading over...
2024-01-19 10:35:59 - novelCrawl - INFO: - Search book 蛊真人
2024-01-19 10:36:05 - novelCrawl - INFO: - Loading search result, wait 2s, try 1
2024-01-19 10:36:11 - novelCrawl - INFO: - Loading over...
2024-01-19 10:37:51 - novelCrawl - INFO: - Search book 蛊真人
2024-01-19 10:37:53 - novelCrawl - INFO: - Loading search result, wait 2s, try 1
2024-01-19 10:37:59 - novelCrawl - INFO: - Loading over...
2024-01-19 10:38:34 - novelCrawl - INFO: - Search book 蛊真人
2024-01-19 10:38:37 - novelCrawl - INFO: - Loading search result, wait 2s, try 1
2024-01-19 10:38:43 - novelCrawl - INFO: - Loading over...
2024-01-19 10:40:52 - novelCrawl - INFO: - Search book 蛊真人
2024-01-19 10:40:54 - novelCrawl - INFO: - Loading search result, wait 2s, try 1
2024-01-19 10:41:00 - novelCrawl - INFO: - Loading over...
2024-01-22 11:20:16 - novelCrawl - INFO: - Search book 我真没想重生啊
2024-01-22 11:20:20 - novelCrawl - INFO: - Loading search result, wait 2s, try 1
2024-01-22 11:20:27 - novelCrawl - INFO: - Loading over...
2024-01-22 11:21:37 - novelCrawl - INFO: - Crawl book 我真没想重生啊, use 10 thread
2024-01-22 11:25:35 - novelCrawl - ERROR: - Request failed after 5 retries.
2024-01-22 11:25:35 - novelCrawl - ERROR: - Request https://www.bqg70.com/book/218/947.html failed
2024-01-22 11:25:35 - novelCrawl - ERROR: - Request failed after 5 retries.
2024-01-22 11:25:35 - novelCrawl - ERROR: - Request https://www.bqg70.com/book/218/948.html failed
2024-01-22 11:25:35 - novelCrawl - ERROR: - Request failed after 5 retries.
2024-01-22 11:25:35 - novelCrawl - ERROR: - Request https://www.bqg70.com/book/218/949.html failed
2024-01-22 11:25:35 - novelCrawl - ERROR: - Request failed after 5 retries.
2024-01-22 11:25:35 - novelCrawl - ERROR: - Request https://www.bqg70.com/book/218/951.html failed
2024-01-22 11:25:36 - novelCrawl - ERROR: - Request failed after 5 retries.
2024-01-22 11:25:36 - novelCrawl - ERROR: - Request https://www.bqg70.com/book/218/952.html failed
2024-01-22 11:25:36 - novelCrawl - ERROR: - Request failed after 5 retries.
2024-01-22 11:25:36 - novelCrawl - ERROR: - Request https://www.bqg70.com/book/218/954.html failed
2024-01-22 11:25:36 - novelCrawl - ERROR: - Request failed after 5 retries.
2024-01-22 11:25:36 - novelCrawl - ERROR: - Request https://www.bqg70.com/book/218/953.html failed
2024-01-22 11:25:36 - novelCrawl - ERROR: - Request failed after 5 retries.
2024-01-22 11:25:36 - novelCrawl - ERROR: - Request https://www.bqg70.com/book/218/950.html failed
2024-01-22 11:25:37 - novelCrawl - ERROR: - Request failed after 5 retries.
2024-01-22 11:25:37 - novelCrawl - ERROR: - Request https://www.bqg70.com/book/218/955.html failed
2024-01-22 11:25:37 - novelCrawl - ERROR: - Request failed after 5 retries.
2024-01-22 11:25:37 - novelCrawl - ERROR: - Request https://www.bqg70.com/book/218/956.html failed
2024-01-22 11:25:54 - novelCrawl - ERROR: - Request failed after 5 retries.
2024-01-22 11:25:54 - novelCrawl - ERROR: - Request https://www.bqg70.com/book/218/957.html failed
2024-01-22 11:25:54 - novelCrawl - ERROR: - Request failed after 5 retries.
2024-01-22 11:25:54 - novelCrawl - ERROR: - Request https://www.bqg70.com/book/218/959.html failed
2024-01-22 11:25:54 - novelCrawl - ERROR: - Request failed after 5 retries.
2024-01-22 11:25:54 - novelCrawl - ERROR: - Request https://www.bqg70.com/book/218/958.html failed
2024-01-22 11:25:55 - novelCrawl - ERROR: - Request failed after 5 retries.
2024-01-22 11:25:55 - novelCrawl - ERROR: - Request https://www.bqg70.com/book/218/960.html failed
2024-01-22 11:25:55 - novelCrawl - ERROR: - Request failed after 5 retries.
2024-01-22 11:25:55 - novelCrawl - ERROR: - Request https://www.bqg70.com/book/218/961.html failed
2024-01-22 11:25:55 - novelCrawl - ERROR: - Request failed after 5 retries.
2024-01-22 11:25:55 - novelCrawl - ERROR: - Request failed after 5 retries.
2024-01-22 11:25:55 - novelCrawl - ERROR: - Request https://www.bqg70.com/book/218/962.html failed
2024-01-22 11:25:55 - novelCrawl - ERROR: - Request https://www.bqg70.com/book/218/966.html failed
2024-01-22 11:25:56 - novelCrawl - ERROR: - Request failed after 5 retries.
2024-01-22 11:25:56 - novelCrawl - ERROR: - Request https://www.bqg70.com/book/218/963.html failed
2024-01-22 11:25:56 - novelCrawl - ERROR: - Request failed after 5 retries.
2024-01-22 11:25:56 - novelCrawl - ERROR: - Request https://www.bqg70.com/book/218/965.html failed
2024-01-22 11:25:56 - novelCrawl - ERROR: - Request failed after 5 retries.
2024-01-22 11:25:56 - novelCrawl - ERROR: - Request https://www.bqg70.com/book/218/964.html failed
2024-01-22 11:26:13 - novelCrawl - ERROR: - Request failed after 5 retries.
2024-01-22 11:26:13 - novelCrawl - ERROR: - Request https://www.bqg70.com/book/218/967.html failed
2024-01-22 11:26:14 - novelCrawl - ERROR: - Request failed after 5 retries.
2024-01-22 11:26:14 - novelCrawl - ERROR: - Request https://www.bqg70.com/book/218/968.html failed
2024-01-22 11:26:14 - novelCrawl - ERROR: - Request failed after 5 retries.
2024-01-22 11:26:14 - novelCrawl - ERROR: - Request https://www.bqg70.com/book/218/969.html failed
2024-01-22 11:26:14 - novelCrawl - ERROR: - Request failed after 5 retries.
2024-01-22 11:26:14 - novelCrawl - ERROR: - Request https://www.bqg70.com/book/218/970.html failed
2024-01-22 11:26:14 - novelCrawl - ERROR: - Request failed after 5 retries.
2024-01-22 11:26:14 - novelCrawl - ERROR: - Request failed after 5 retries.
2024-01-22 11:26:14 - novelCrawl - ERROR: - Request https://www.bqg70.com/book/218/971.html failed
2024-01-22 11:26:15 - novelCrawl - ERROR: - Request https://www.bqg70.com/book/218/973.html failed
2024-01-22 11:26:15 - novelCrawl - ERROR: - Request failed after 5 retries.
2024-01-22 11:26:15 - novelCrawl - ERROR: - Request https://www.bqg70.com/book/218/974.html failed
2024-01-22 11:26:15 - novelCrawl - ERROR: - Request failed after 5 retries.
2024-01-22 11:26:15 - novelCrawl - ERROR: - Request https://www.bqg70.com/book/218/975.html failed
2024-01-22 11:26:15 - novelCrawl - ERROR: - Request failed after 5 retries.
2024-01-22 11:26:15 - novelCrawl - ERROR: - Request https://www.bqg70.com/book/218/972.html failed
2024-01-22 11:26:16 - novelCrawl - ERROR: - Request failed after 5 retries.
2024-01-22 11:26:16 - novelCrawl - ERROR: - Request https://www.bqg70.com/book/218/976.html failed
2024-01-22 11:26:33 - novelCrawl - ERROR: - Request failed after 5 retries.
2024-01-22 11:26:33 - novelCrawl - ERROR: - Request https://www.bqg70.com/book/218/977.html failed
2024-01-22 11:26:33 - novelCrawl - ERROR: - Request failed after 5 retries.
2024-01-22 11:26:33 - novelCrawl - ERROR: - Request https://www.bqg70.com/book/218/978.html failed
2024-01-22 11:26:33 - novelCrawl - ERROR: - Request failed after 5 retries.
2024-01-22 11:26:33 - novelCrawl - ERROR: - Request https://www.bqg70.com/book/218/979.html failed
2024-01-22 11:26:34 - novelCrawl - ERROR: - Request failed after 5 retries.
2024-01-22 11:26:34 - novelCrawl - ERROR: - Request https://www.bqg70.com/book/218/981.html failed
2024-01-22 11:26:34 - novelCrawl - ERROR: - Request failed after 5 retries.
2024-01-22 11:26:34 - novelCrawl - ERROR: - Request https://www.bqg70.com/book/218/980.html failed
2024-01-22 11:26:34 - novelCrawl - ERROR: - Request failed after 5 retries.
2024-01-22 11:26:34 - novelCrawl - ERROR: - Request https://www.bqg70.com/book/218/982.html failed
2024-01-22 11:26:34 - novelCrawl - ERROR: - Request failed after 5 retries.
2024-01-22 11:26:34 - novelCrawl - ERROR: - Request https://www.bqg70.com/book/218/984.html failed
2024-01-22 11:26:35 - novelCrawl - ERROR: - Request failed after 5 retries.
2024-01-22 11:26:35 - novelCrawl - ERROR: - Request failed after 5 retries.
2024-01-22 11:26:35 - novelCrawl - ERROR: - Request https://www.bqg70.com/book/218/985.html failed
2024-01-22 11:26:35 - novelCrawl - ERROR: - Request https://www.bqg70.com/book/218/983.html failed
2024-01-22 11:26:35 - novelCrawl - ERROR: - Request failed after 5 retries.
2024-01-22 11:26:35 - novelCrawl - ERROR: - Request https://www.bqg70.com/book/218/986.html failed
2024-01-22 11:26:52 - novelCrawl - ERROR: - Request failed after 5 retries.
2024-01-22 11:26:52 - novelCrawl - ERROR: - Request https://www.bqg70.com/book/218/987.html failed
2024-01-22 11:26:52 - novelCrawl - ERROR: - Request failed after 5 retries.
2024-01-22 11:26:52 - novelCrawl - ERROR: - Request https://www.bqg70.com/book/218/988.html failed
2024-01-22 11:26:52 - novelCrawl - ERROR: - Request failed after 5 retries.
2024-01-22 11:26:52 - novelCrawl - ERROR: - Request https://www.bqg70.com/book/218/989.html failed
2024-01-22 11:26:53 - novelCrawl - ERROR: - Request failed after 5 retries.
2024-01-22 11:26:53 - novelCrawl - ERROR: - Request https://www.bqg70.com/book/218/990.html failed
2024-01-22 11:26:53 - novelCrawl - ERROR: - Request failed after 5 retries.
2024-01-22 11:26:53 - novelCrawl - ERROR: - Request https://www.bqg70.com/book/218/991.html failed
2024-01-22 11:26:54 - novelCrawl - ERROR: - Request failed after 5 retries.
2024-01-22 11:26:54 - novelCrawl - ERROR: - Request https://www.bqg70.com/book/218/992.html failed
2024-01-22 11:26:54 - novelCrawl - ERROR: - Request failed after 5 retries.
2024-01-22 11:26:54 - novelCrawl - ERROR: - Request https://www.bqg70.com/book/218/993.html failed
2024-01-22 11:26:54 - novelCrawl - ERROR: - Request failed after 5 retries.
2024-01-22 11:26:54 - novelCrawl - ERROR: - Request https://www.bqg70.com/book/218/994.html failed
2024-01-22 11:26:54 - novelCrawl - ERROR: - Request failed after 5 retries.
2024-01-22 11:26:54 - novelCrawl - ERROR: - Request https://www.bqg70.com/book/218/995.html failed
2024-01-22 11:26:55 - novelCrawl - ERROR: - Request failed after 5 retries.
2024-01-22 11:26:55 - novelCrawl - ERROR: - Request https://www.bqg70.com/book/218/996.html failed
2024-01-22 11:27:11 - novelCrawl - ERROR: - Request failed after 5 retries.
2024-01-22 11:27:11 - novelCrawl - ERROR: - Request https://www.bqg70.com/book/218/998.html failed
2024-01-22 11:27:12 - novelCrawl - ERROR: - Request failed after 5 retries.
2024-01-22 11:27:12 - novelCrawl - ERROR: - Request https://www.bqg70.com/book/218/997.html failed
2024-01-22 11:27:12 - novelCrawl - ERROR: - Request failed after 5 retries.
2024-01-22 11:27:12 - novelCrawl - ERROR: - Request https://www.bqg70.com/book/218/999.html failed
2024-01-22 11:27:12 - novelCrawl - ERROR: - Request failed after 5 retries.
2024-01-22 11:27:12 - novelCrawl - ERROR: - Request https://www.bqg70.com/book/218/1000.html failed
2024-01-22 11:27:12 - novelCrawl - ERROR: - Request failed after 5 retries.
2024-01-22 11:27:12 - novelCrawl - ERROR: - Request https://www.bqg70.com/book/218/1001.html failed
2024-01-22 11:27:12 - novelCrawl - ERROR: - Request failed after 5 retries.
2024-01-22 11:27:12 - novelCrawl - ERROR: - Request https://www.bqg70.com/book/218/1002.html failed
2024-01-22 11:27:13 - novelCrawl - ERROR: - Request failed after 5 retries.
2024-01-22 11:27:13 - novelCrawl - ERROR: - Request https://www.bqg70.com/book/218/1003.html failed
2024-01-22 11:27:13 - novelCrawl - ERROR: - Request failed after 5 retries.
2024-01-22 11:27:13 - novelCrawl - ERROR: - Request https://www.bqg70.com/book/218/1004.html failed
2024-01-22 11:27:14 - novelCrawl - ERROR: - Request failed after 5 retries.
2024-01-22 11:27:14 - novelCrawl - ERROR: - Request https://www.bqg70.com/book/218/1005.html failed
2024-01-22 11:27:14 - novelCrawl - ERROR: - Request failed after 5 retries.
2024-01-22 11:27:14 - novelCrawl - ERROR: - Request https://www.bqg70.com/book/218/1006.html failed
2024-01-22 11:27:31 - novelCrawl - ERROR: - Request failed after 5 retries.
2024-01-22 11:27:31 - novelCrawl - ERROR: - Request https://www.bqg70.com/book/218/1007.html failed
2024-01-22 11:27:31 - novelCrawl - ERROR: - Request failed after 5 retries.
2024-01-22 11:27:31 - novelCrawl - ERROR: - Request https://www.bqg70.com/book/218/1009.html failed
2024-01-22 11:27:32 - novelCrawl - ERROR: - Request failed after 5 retries.
2024-01-22 11:27:32 - novelCrawl - ERROR: - Request failed after 5 retries.
2024-01-22 11:27:32 - novelCrawl - ERROR: - Request https://www.bqg70.com/book/218/1011.html failed
2024-01-22 11:27:32 - novelCrawl - ERROR: - Request https://www.bqg70.com/book/218/1010.html failed
2024-01-22 11:27:32 - novelCrawl - ERROR: - Request failed after 5 retries.
2024-01-22 11:27:32 - novelCrawl - ERROR: - Request https://www.bqg70.com/book/218/1008.html failed
2024-01-22 11:27:32 - novelCrawl - ERROR: - Request failed after 5 retries.
2024-01-22 11:27:32 - novelCrawl - ERROR: - Request https://www.bqg70.com/book/218/1013.html failed
2024-01-22 11:27:32 - novelCrawl - ERROR: - Request failed after 5 retries.
2024-01-22 11:27:32 - novelCrawl - ERROR: - Request https://www.bqg70.com/book/218/1012.html failed
2024-01-22 11:27:32 - novelCrawl - ERROR: - Request failed after 5 retries.
2024-01-22 11:27:32 - novelCrawl - ERROR: - Request https://www.bqg70.com/book/218/1014.html failed
2024-01-22 11:27:33 - novelCrawl - ERROR: - Request failed after 5 retries.
2024-01-22 11:27:33 - novelCrawl - ERROR: - Request https://www.bqg70.com/book/218/1015.html failed
2024-01-22 11:27:33 - novelCrawl - ERROR: - Request failed after 5 retries.
2024-01-22 11:27:34 - novelCrawl - ERROR: - Request https://www.bqg70.com/book/218/1016.html failed
2024-01-22 11:27:51 - novelCrawl - ERROR: - Request failed after 5 retries.
2024-01-22 11:27:51 - novelCrawl - ERROR: - Request https://www.bqg70.com/book/218/1018.html failed
2024-01-22 11:27:51 - novelCrawl - ERROR: - Request failed after 5 retries.
2024-01-22 11:27:51 - novelCrawl - ERROR: - Request failed after 5 retries.
2024-01-22 11:27:51 - novelCrawl - ERROR: - Request https://www.bqg70.com/book/218/1017.html failed
2024-01-22 11:27:51 - novelCrawl - ERROR: - Request https://www.bqg70.com/book/218/1021.html failed
2024-01-22 11:27:51 - novelCrawl - ERROR: - Request failed after 5 retries.
2024-01-22 11:27:51 - novelCrawl - ERROR: - Request failed after 5 retries.
2024-01-22 11:27:51 - novelCrawl - ERROR: - Request https://www.bqg70.com/book/218/1019.html failed
2024-01-22 11:27:51 - novelCrawl - ERROR: - Request https://www.bqg70.com/book/218/1020.html failed
2024-01-22 11:27:51 - novelCrawl - ERROR: - Request failed after 5 retries.
2024-01-22 11:27:51 - novelCrawl - ERROR: - Request https://www.bqg70.com/book/218/1022.html failed
2024-01-22 11:27:51 - novelCrawl - ERROR: - Request failed after 5 retries.
2024-01-22 11:27:51 - novelCrawl - ERROR: - Request https://www.bqg70.com/book/218/1023.html failed
2024-01-22 11:27:52 - novelCrawl - ERROR: - Request failed after 5 retries.
2024-01-22 11:27:52 - novelCrawl - ERROR: - Request https://www.bqg70.com/book/218/1024.html failed
2024-01-22 11:27:52 - novelCrawl - ERROR: - Request failed after 5 retries.
2024-01-22 11:27:52 - novelCrawl - ERROR: - Request https://www.bqg70.com/book/218/1025.html failed
2024-01-22 11:27:53 - novelCrawl - ERROR: - Request failed after 5 retries.
2024-01-22 11:27:53 - novelCrawl - ERROR: - Request https://www.bqg70.com/book/218/1026.html failed
2024-01-22 11:28:10 - novelCrawl - ERROR: - Request failed after 5 retries.
2024-01-22 11:28:10 - novelCrawl - ERROR: - Request https://www.bqg70.com/book/218/1027.html failed
2024-01-22 11:28:10 - novelCrawl - ERROR: - Request failed after 5 retries.
2024-01-22 11:28:10 - novelCrawl - ERROR: - Request https://www.bqg70.com/book/218/1029.html failed
2024-01-22 11:28:10 - novelCrawl - ERROR: - Request failed after 5 retries.
2024-01-22 11:28:10 - novelCrawl - ERROR: - Request https://www.bqg70.com/book/218/1032.html failed
2024-01-22 11:28:10 - novelCrawl - ERROR: - Request failed after 5 retries.
2024-01-22 11:28:10 - novelCrawl - ERROR: - Request https://www.bqg70.com/book/218/1028.html failed
2024-01-22 11:28:10 - novelCrawl - ERROR: - Request failed after 5 retries.
2024-01-22 11:28:10 - novelCrawl - ERROR: - Request https://www.bqg70.com/book/218/1030.html failed
2024-01-22 11:28:10 - novelCrawl - ERROR: - Request failed after 5 retries.
2024-01-22 11:28:10 - novelCrawl - ERROR: - Request failed after 5 retries.
2024-01-22 11:28:11 - novelCrawl - ERROR: - Request https://www.bqg70.com/book/218/1031.html failed
2024-01-22 11:28:11 - novelCrawl - ERROR: - Request failed after 5 retries.
2024-01-22 11:28:11 - novelCrawl - ERROR: - Request https://www.bqg70.com/book/218/1033.html failed
2024-01-22 11:28:11 - novelCrawl - ERROR: - Request https://www.bqg70.com/book/218/1034.html failed
2024-01-22 11:28:12 - novelCrawl - ERROR: - Request failed after 5 retries.
2024-01-22 11:28:12 - novelCrawl - ERROR: - Request https://www.bqg70.com/book/218/1035.html failed
2024-01-22 11:28:12 - novelCrawl - INFO: - Output epub file to ./download/我真没想重生啊.txt
2024-01-22 11:29:48 - novelCrawl - INFO: - Search book 我真没想重生啊
2024-01-22 11:29:52 - novelCrawl - INFO: - Crawl book 我真没想重生啊, use 10 thread
2024-01-22 11:34:24 - novelCrawl - INFO: - Output epub file to ./download/我真没想重生啊.txt
2024-01-22 14:48:38 - novelCrawl - INFO: - Crawl book 我真没想重生啊, use 10 thread
